SpeechBrain system description
==============================
Python version:
3.8.11 (default, Aug  3 2021, 15:09:35) 
[GCC 7.5.0]
==============================
Installed Python packages:
appdirs==1.4.4
attrs==21.2.0
backports.entry-points-selectable==1.1.0
black==19.10b0
certifi==2021.5.30
cfgv==3.3.1
charset-normalizer==2.0.4
click==8.0.1
distlib==0.3.2
entrypoints==0.3
filelock==3.0.12
flake8==3.7.9
huggingface-hub==0.0.16
HyperPyYAML==1.0.0
identify==2.2.13
idna==3.2
joblib==1.0.1
mccabe==0.6.1
more-itertools==8.9.0
nodeenv==1.6.0
numpy==1.21.2
packaging==21.0
pathspec==0.9.0
platformdirs==2.3.0
pluggy==0.13.1
pre-commit==2.15.0
py==1.10.0
pycodestyle==2.5.0
pyflakes==2.1.1
pyparsing==2.4.7
pytest==5.4.1
PyYAML==5.4.1
regex==2021.8.28
requests==2.26.0
ruamel.yaml==0.17.16
ruamel.yaml.clib==0.2.6
scipy==1.7.1
sentencepiece==0.1.96
six==1.16.0
-e git+https://github.com/speechbrain/speechbrain.git@540071f1c146742166e7be42d3209d92ce4e6baf#egg=speechbrain
toml==0.10.2
torch==1.8.1
torchaudio==0.8.1
tqdm==4.62.2
typed-ast==1.4.3
typing-extensions==3.10.0.2
urllib3==1.26.6
virtualenv==20.7.2
wcwidth==0.2.5
yamllint==1.23.0
==============================
Git revision:
fece871
==============================
CUDA not available